2019-09-25 00:09:40,742  INFO [main] LoginTest:37 - ****************************** Starting test cases execution  *****************************************
2019-09-25 00:09:53,223  INFO [main] LoginTest:41 - launching chrome broswer
2019-09-25 00:10:00,113  INFO [main] LoginTest:48 - entering application URL
2019-09-25 00:10:00,114  WARN [main] LoginTest:49 - Hey this just a warning message
2019-09-25 00:10:00,115 FATAL [main] LoginTest:50 - hey this is just fatal error message
2019-09-25 00:10:00,116 DEBUG [main] LoginTest:51 - this is debug message
2019-09-25 00:10:00,134  INFO [main] LoginTest:57 - ****************************** starting test case *****************************************
2019-09-25 00:10:00,177  INFO [main] LoginTest:58 - ****************************** freeCrmTitleTest *****************************************
2019-09-25 00:10:00,257  INFO [main] LoginTest:61 - login page title is--->Free CRM #1 cloud software for any business large or small
2019-09-25 00:10:00,266  INFO [main] LoginTest:64 - ****************************** ending test case *****************************************
2019-09-25 00:10:00,267  INFO [main] LoginTest:65 - ****************************** freeCrmTitleTest *****************************************
2019-09-25 00:10:01,685  INFO [main] LoginTest:88 - ****************************** Browser is closed *****************************************
2019-09-25 00:10:01,702  INFO [main] LoginTest:37 - ****************************** Starting test cases execution  *****************************************
2019-09-25 00:10:09,352  INFO [main] LoginTest:41 - launching chrome broswer
2019-09-25 00:10:16,184  INFO [main] LoginTest:48 - entering application URL
2019-09-25 00:10:16,185  WARN [main] LoginTest:49 - Hey this just a warning message
2019-09-25 00:10:16,187 FATAL [main] LoginTest:50 - hey this is just fatal error message
2019-09-25 00:10:16,188 DEBUG [main] LoginTest:51 - this is debug message
2019-09-25 00:10:16,191  INFO [main] LoginTest:71 - ****************************** starting test case *****************************************
2019-09-25 00:10:16,191  INFO [main] LoginTest:72 - ****************************** freemCRMLogoTest *****************************************
2019-09-25 00:10:16,655  INFO [main] LoginTest:78 - ****************************** ending test case *****************************************
2019-09-25 00:10:16,656  INFO [main] LoginTest:79 - ****************************** freemCRMLogoTest *****************************************
2019-09-25 00:10:17,937  INFO [main] LoginTest:88 - ****************************** Browser is closed *****************************************
2019-09-25 12:51:20,057  INFO [main] LoginTest:37 - ****************************** Starting test cases execution  *****************************************
2019-09-25 12:51:36,802  INFO [main] LoginTest:41 - launching chrome broswer
2019-09-25 12:51:46,949  INFO [main] LoginTest:48 - entering application URL
2019-09-25 12:51:46,951  WARN [main] LoginTest:49 - Hey this just a warning message
2019-09-25 12:51:46,952 FATAL [main] LoginTest:50 - hey this is just fatal error message
2019-09-25 12:51:46,953 DEBUG [main] LoginTest:51 - this is debug message
2019-09-25 12:51:46,965  INFO [main] LoginTest:57 - ****************************** starting test case *****************************************
2019-09-25 12:51:46,969  INFO [main] LoginTest:58 - ****************************** freeCrmTitleTest *****************************************
2019-09-25 12:51:47,053  INFO [main] LoginTest:61 - login page title is--->Free CRM #1 cloud software for any business large or small
2019-09-25 12:51:47,065  INFO [main] LoginTest:64 - ****************************** ending test case *****************************************
2019-09-25 12:51:47,067  INFO [main] LoginTest:65 - ****************************** freeCrmTitleTest *****************************************
2019-09-25 12:51:48,826  INFO [main] LoginTest:88 - ****************************** Browser is closed *****************************************
2019-09-25 12:51:48,849  INFO [main] LoginTest:37 - ****************************** Starting test cases execution  *****************************************
2019-09-25 12:51:57,028  INFO [main] LoginTest:41 - launching chrome broswer
2019-09-25 12:52:07,195  INFO [main] LoginTest:48 - entering application URL
2019-09-25 12:52:07,196  WARN [main] LoginTest:49 - Hey this just a warning message
2019-09-25 12:52:07,203 FATAL [main] LoginTest:50 - hey this is just fatal error message
2019-09-25 12:52:07,204 DEBUG [main] LoginTest:51 - this is debug message
2019-09-25 12:52:07,206  INFO [main] LoginTest:71 - ****************************** starting test case *****************************************
2019-09-25 12:52:07,207  INFO [main] LoginTest:72 - ****************************** freemCRMLogoTest *****************************************
2019-09-25 12:52:10,375  INFO [main] LoginTest:78 - ****************************** ending test case *****************************************
2019-09-25 12:52:10,376  INFO [main] LoginTest:79 - ****************************** freemCRMLogoTest *****************************************
2019-09-25 12:52:11,975  INFO [main] LoginTest:88 - ****************************** Browser is closed *****************************************
2019-09-25 13:38:55,172  INFO [main] LoginTest:37 - ****************************** Starting test cases execution  *****************************************
2019-09-25 13:39:08,755  INFO [main] LoginTest:41 - launching chrome broswer
2019-09-25 13:39:19,696  INFO [main] LoginTest:48 - entering application URL
2019-09-25 13:39:19,698  WARN [main] LoginTest:49 - Hey this just a warning message
2019-09-25 13:39:19,699 FATAL [main] LoginTest:50 - hey this is just fatal error message
2019-09-25 13:39:19,701 DEBUG [main] LoginTest:51 - this is debug message
2019-09-25 13:39:19,713  INFO [main] LoginTest:57 - ****************************** starting test case *****************************************
2019-09-25 13:39:19,715  INFO [main] LoginTest:58 - ****************************** freeCrmTitleTest *****************************************
2019-09-25 13:39:19,991  INFO [main] LoginTest:61 - login page title is--->Free CRM #1 cloud software for any business large or small
2019-09-25 13:39:20,006  INFO [main] LoginTest:64 - ****************************** ending test case *****************************************
2019-09-25 13:39:20,008  INFO [main] LoginTest:65 - ****************************** freeCrmTitleTest *****************************************
2019-09-25 13:39:22,156  INFO [main] LoginTest:88 - ****************************** Browser is closed *****************************************
2019-09-25 13:39:22,173  INFO [main] LoginTest:37 - ****************************** Starting test cases execution  *****************************************
2019-09-25 13:39:30,228  INFO [main] LoginTest:41 - launching chrome broswer
2019-09-25 13:39:44,936  INFO [main] LoginTest:48 - entering application URL
2019-09-25 13:39:44,937  WARN [main] LoginTest:49 - Hey this just a warning message
2019-09-25 13:39:44,941 FATAL [main] LoginTest:50 - hey this is just fatal error message
2019-09-25 13:39:44,942 DEBUG [main] LoginTest:51 - this is debug message
2019-09-25 13:39:44,943  INFO [main] LoginTest:71 - ****************************** starting test case *****************************************
2019-09-25 13:39:44,944  INFO [main] LoginTest:72 - ****************************** freemCRMLogoTest *****************************************
2019-09-25 13:39:48,041  INFO [main] LoginTest:78 - ****************************** ending test case *****************************************
2019-09-25 13:39:48,042  INFO [main] LoginTest:79 - ****************************** freemCRMLogoTest *****************************************
2019-09-25 13:39:50,238  INFO [main] LoginTest:88 - ****************************** Browser is closed *****************************************
2019-09-25 13:41:16,422  INFO [main] LoginTest:37 - ****************************** Starting test cases execution  *****************************************
2019-09-25 13:41:29,613  INFO [main] LoginTest:41 - launching chrome broswer
2019-09-25 13:41:36,501  INFO [main] LoginTest:48 - entering application URL
2019-09-25 13:41:36,502  WARN [main] LoginTest:49 - Hey this just a warning message
2019-09-25 13:41:36,504 FATAL [main] LoginTest:50 - hey this is just fatal error message
2019-09-25 13:41:36,504 DEBUG [main] LoginTest:51 - this is debug message
2019-09-25 13:41:36,510  INFO [main] LoginTest:57 - ****************************** starting test case *****************************************
2019-09-25 13:41:36,511  INFO [main] LoginTest:58 - ****************************** freeCrmTitleTest *****************************************
2019-09-25 13:41:36,734  INFO [main] LoginTest:61 - login page title is--->Free CRM #1 cloud software for any business large or small
2019-09-25 13:41:36,742  INFO [main] LoginTest:64 - ****************************** ending test case *****************************************
2019-09-25 13:41:36,743  INFO [main] LoginTest:65 - ****************************** freeCrmTitleTest *****************************************
2019-09-25 13:41:37,651  INFO [main] LoginTest:88 - ****************************** Browser is closed *****************************************
2019-09-25 13:41:37,660  INFO [main] LoginTest:37 - ****************************** Starting test cases execution  *****************************************
2019-09-25 13:41:44,823  INFO [main] LoginTest:41 - launching chrome broswer
2019-09-25 13:41:52,951  INFO [main] LoginTest:48 - entering application URL
2019-09-25 13:41:52,952  WARN [main] LoginTest:49 - Hey this just a warning message
2019-09-25 13:41:52,955 FATAL [main] LoginTest:50 - hey this is just fatal error message
2019-09-25 13:41:52,956 DEBUG [main] LoginTest:51 - this is debug message
2019-09-25 13:41:52,957  INFO [main] LoginTest:71 - ****************************** starting test case *****************************************
2019-09-25 13:41:52,958  INFO [main] LoginTest:72 - ****************************** freemCRMLogoTest *****************************************
2019-09-25 13:41:54,327  INFO [main] LoginTest:88 - ****************************** Browser is closed *****************************************
2019-09-25 13:44:31,484  INFO [main] LoginTest:37 - ****************************** Starting test cases execution  *****************************************
2019-09-25 13:44:43,191  INFO [main] LoginTest:41 - launching chrome broswer
2019-09-25 13:44:51,962  INFO [main] LoginTest:48 - entering application URL
2019-09-25 13:44:51,962  WARN [main] LoginTest:49 - Hey this just a warning message
2019-09-25 13:44:51,963 FATAL [main] LoginTest:50 - hey this is just fatal error message
2019-09-25 13:44:51,964 DEBUG [main] LoginTest:51 - this is debug message
2019-09-25 13:44:51,968  INFO [main] LoginTest:57 - ****************************** starting test case *****************************************
2019-09-25 13:44:51,968  INFO [main] LoginTest:58 - ****************************** freeCrmTitleTest *****************************************
2019-09-25 13:44:52,027  INFO [main] LoginTest:61 - login page title is--->Free CRM #1 cloud software for any business large or small
2019-09-25 13:44:52,033  INFO [main] LoginTest:64 - ****************************** ending test case *****************************************
2019-09-25 13:44:52,033  INFO [main] LoginTest:65 - ****************************** freeCrmTitleTest *****************************************
2019-09-25 13:44:53,009  INFO [main] LoginTest:88 - ****************************** Browser is closed *****************************************
2019-09-25 13:44:53,026  INFO [main] LoginTest:37 - ****************************** Starting test cases execution  *****************************************
2019-09-25 13:45:01,236  INFO [main] LoginTest:41 - launching chrome broswer
2019-09-25 13:45:08,874  INFO [main] LoginTest:48 - entering application URL
2019-09-25 13:45:08,875  WARN [main] LoginTest:49 - Hey this just a warning message
2019-09-25 13:45:08,878 FATAL [main] LoginTest:50 - hey this is just fatal error message
2019-09-25 13:45:08,878 DEBUG [main] LoginTest:51 - this is debug message
2019-09-25 13:45:08,880  INFO [main] LoginTest:71 - ****************************** starting test case *****************************************
2019-09-25 13:45:08,880  INFO [main] LoginTest:72 - ****************************** freemCRMLogoTest *****************************************
2019-09-25 13:45:09,801  INFO [main] LoginTest:88 - ****************************** Browser is closed *****************************************
2019-09-25 13:47:36,384  INFO [main] LoginTest:37 - ****************************** Starting test cases execution  *****************************************
2019-09-25 13:47:47,949  INFO [main] LoginTest:41 - launching chrome broswer
2019-09-25 13:47:58,068  INFO [main] LoginTest:48 - entering application URL
2019-09-25 13:47:58,070  WARN [main] LoginTest:49 - Hey this just a warning message
2019-09-25 13:47:58,071 FATAL [main] LoginTest:50 - hey this is just fatal error message
2019-09-25 13:47:58,072 DEBUG [main] LoginTest:51 - this is debug message
2019-09-25 13:47:58,080  INFO [main] LoginTest:57 - ****************************** starting test case *****************************************
2019-09-25 13:47:58,081  INFO [main] LoginTest:58 - ****************************** freeCrmTitleTest *****************************************
2019-09-25 13:47:58,196  INFO [main] LoginTest:61 - login page title is--->Free CRM #1 cloud software for any business large or small
2019-09-25 13:47:58,206  INFO [main] LoginTest:64 - ****************************** ending test case *****************************************
2019-09-25 13:47:58,207  INFO [main] LoginTest:65 - ****************************** freeCrmTitleTest *****************************************
2019-09-25 13:47:59,661  INFO [main] LoginTest:88 - ****************************** Browser is closed *****************************************
2019-09-25 13:47:59,675  INFO [main] LoginTest:37 - ****************************** Starting test cases execution  *****************************************
2019-09-25 13:48:06,827  INFO [main] LoginTest:41 - launching chrome broswer
2019-09-25 13:48:14,423  INFO [main] LoginTest:48 - entering application URL
2019-09-25 13:48:14,424  WARN [main] LoginTest:49 - Hey this just a warning message
2019-09-25 13:48:14,427 FATAL [main] LoginTest:50 - hey this is just fatal error message
2019-09-25 13:48:14,428 DEBUG [main] LoginTest:51 - this is debug message
2019-09-25 13:48:14,429  INFO [main] LoginTest:71 - ****************************** starting test case *****************************************
2019-09-25 13:48:14,429  INFO [main] LoginTest:72 - ****************************** freemCRMLogoTest *****************************************
2019-09-25 13:48:15,465  INFO [main] LoginTest:88 - ****************************** Browser is closed *****************************************
2019-09-25 13:50:38,150  INFO [main] LoginTest:37 - ****************************** Starting test cases execution  *****************************************
2019-09-25 13:50:49,332  INFO [main] LoginTest:41 - launching chrome broswer
2019-09-25 13:50:58,302  INFO [main] LoginTest:48 - entering application URL
2019-09-25 13:50:58,303  WARN [main] LoginTest:49 - Hey this just a warning message
2019-09-25 13:50:58,304 FATAL [main] LoginTest:50 - hey this is just fatal error message
2019-09-25 13:50:58,305 DEBUG [main] LoginTest:51 - this is debug message
2019-09-25 13:50:58,310  INFO [main] LoginTest:57 - ****************************** starting test case *****************************************
2019-09-25 13:50:58,311  INFO [main] LoginTest:58 - ****************************** freeCrmTitleTest *****************************************
2019-09-25 13:50:58,342  INFO [main] LoginTest:61 - login page title is--->Free CRM #1 cloud software for any business large or small
2019-09-25 13:50:58,348  INFO [main] LoginTest:64 - ****************************** ending test case *****************************************
2019-09-25 13:50:58,349  INFO [main] LoginTest:65 - ****************************** freeCrmTitleTest *****************************************
2019-09-25 13:50:59,453  INFO [main] LoginTest:88 - ****************************** Browser is closed *****************************************
2019-09-25 13:50:59,465  INFO [main] LoginTest:37 - ****************************** Starting test cases execution  *****************************************
2019-09-25 13:51:07,941  INFO [main] LoginTest:41 - launching chrome broswer
2019-09-25 13:51:15,431  INFO [main] LoginTest:48 - entering application URL
2019-09-25 13:51:15,432  WARN [main] LoginTest:49 - Hey this just a warning message
2019-09-25 13:51:15,436 FATAL [main] LoginTest:50 - hey this is just fatal error message
2019-09-25 13:51:15,437 DEBUG [main] LoginTest:51 - this is debug message
2019-09-25 13:51:15,438  INFO [main] LoginTest:71 - ****************************** starting test case *****************************************
2019-09-25 13:51:15,439  INFO [main] LoginTest:72 - ****************************** freemCRMLogoTest *****************************************
2019-09-25 13:51:16,691  INFO [main] LoginTest:88 - ****************************** Browser is closed *****************************************
2019-09-25 13:53:33,711  INFO [main] LoginTest:37 - ****************************** Starting test cases execution  *****************************************
2019-09-25 13:53:46,577  INFO [main] LoginTest:41 - launching chrome broswer
2019-09-25 13:54:01,759  INFO [main] LoginTest:48 - entering application URL
2019-09-25 13:54:01,762  WARN [main] LoginTest:49 - Hey this just a warning message
2019-09-25 13:54:01,764 FATAL [main] LoginTest:50 - hey this is just fatal error message
2019-09-25 13:54:01,766 DEBUG [main] LoginTest:51 - this is debug message
2019-09-25 13:54:01,778  INFO [main] LoginTest:57 - ****************************** starting test case *****************************************
2019-09-25 13:54:01,781  INFO [main] LoginTest:58 - ****************************** freeCrmTitleTest *****************************************
2019-09-25 13:54:01,846  INFO [main] LoginTest:61 - login page title is--->Free CRM #1 cloud software for any business large or small
2019-09-25 13:54:01,861  INFO [main] LoginTest:64 - ****************************** ending test case *****************************************
2019-09-25 13:54:01,862  INFO [main] LoginTest:65 - ****************************** freeCrmTitleTest *****************************************
2019-09-25 13:54:03,176  INFO [main] LoginTest:88 - ****************************** Browser is closed *****************************************
2019-09-25 13:54:03,190  INFO [main] LoginTest:37 - ****************************** Starting test cases execution  *****************************************
2019-09-25 13:54:10,515  INFO [main] LoginTest:41 - launching chrome broswer
2019-09-25 13:54:18,826  INFO [main] LoginTest:48 - entering application URL
2019-09-25 13:54:18,826  WARN [main] LoginTest:49 - Hey this just a warning message
2019-09-25 13:54:18,828 FATAL [main] LoginTest:50 - hey this is just fatal error message
2019-09-25 13:54:18,829 DEBUG [main] LoginTest:51 - this is debug message
2019-09-25 13:54:18,830  INFO [main] LoginTest:71 - ****************************** starting test case *****************************************
2019-09-25 13:54:18,830  INFO [main] LoginTest:72 - ****************************** freemCRMLogoTest *****************************************
2019-09-25 13:54:20,053  INFO [main] LoginTest:88 - ****************************** Browser is closed *****************************************
2019-09-25 13:57:14,962  INFO [main] LoginTest:37 - ****************************** Starting test cases execution  *****************************************
2019-09-25 13:57:30,806  INFO [main] LoginTest:41 - launching chrome broswer
2019-09-25 13:57:36,747  INFO [main] LoginTest:48 - entering application URL
2019-09-25 13:57:36,748  WARN [main] LoginTest:49 - Hey this just a warning message
2019-09-25 13:57:36,749 FATAL [main] LoginTest:50 - hey this is just fatal error message
2019-09-25 13:57:36,749 DEBUG [main] LoginTest:51 - this is debug message
2019-09-25 13:57:36,753  INFO [main] LoginTest:57 - ****************************** starting test case *****************************************
2019-09-25 13:57:36,754  INFO [main] LoginTest:58 - ****************************** freeCrmTitleTest *****************************************
2019-09-25 13:57:36,789  INFO [main] LoginTest:61 - login page title is--->Free CRM #1 cloud software for any business large or small
2019-09-25 13:57:36,795  INFO [main] LoginTest:64 - ****************************** ending test case *****************************************
2019-09-25 13:57:36,796  INFO [main] LoginTest:65 - ****************************** freeCrmTitleTest *****************************************
2019-09-25 13:57:38,465  INFO [main] LoginTest:88 - ****************************** Browser is closed *****************************************
2019-09-25 13:57:38,502  INFO [main] LoginTest:37 - ****************************** Starting test cases execution  *****************************************
2019-09-25 13:57:47,369  INFO [main] LoginTest:41 - launching chrome broswer
2019-09-25 13:58:01,263  INFO [main] LoginTest:48 - entering application URL
2019-09-25 13:58:01,265  WARN [main] LoginTest:49 - Hey this just a warning message
2019-09-25 13:58:01,271 FATAL [main] LoginTest:50 - hey this is just fatal error message
2019-09-25 13:58:01,273 DEBUG [main] LoginTest:51 - this is debug message
2019-09-25 13:58:01,275  INFO [main] LoginTest:71 - ****************************** starting test case *****************************************
2019-09-25 13:58:01,277  INFO [main] LoginTest:72 - ****************************** freemCRMLogoTest *****************************************
2019-09-25 13:58:04,590  INFO [main] LoginTest:88 - ****************************** Browser is closed *****************************************
2019-09-25 14:22:19,617  INFO [main] LoginTest:37 - ****************************** Starting test cases execution  *****************************************
2019-09-25 14:22:37,596  INFO [main] LoginTest:41 - launching chrome broswer
2019-09-25 14:22:48,923  INFO [main] LoginTest:48 - entering application URL
2019-09-25 14:22:48,924  WARN [main] LoginTest:49 - Hey this just a warning message
2019-09-25 14:22:48,925 FATAL [main] LoginTest:50 - hey this is just fatal error message
2019-09-25 14:22:48,926 DEBUG [main] LoginTest:51 - this is debug message
2019-09-25 14:22:48,986  INFO [main] LoginTest:57 - ****************************** starting test case *****************************************
2019-09-25 14:22:48,988  INFO [main] LoginTest:58 - ****************************** freeCrmTitleTest *****************************************
2019-09-25 14:22:49,120  INFO [main] LoginTest:61 - login page title is--->Free CRM #1 cloud software for any business large or small
2019-09-25 14:22:49,134  INFO [main] LoginTest:64 - ****************************** ending test case *****************************************
2019-09-25 14:22:49,135  INFO [main] LoginTest:65 - ****************************** freeCrmTitleTest *****************************************
2019-09-25 14:22:51,789  INFO [main] LoginTest:88 - ****************************** Browser is closed *****************************************
2019-09-25 14:22:51,801  INFO [main] LoginTest:37 - ****************************** Starting test cases execution  *****************************************
2019-09-25 14:23:19,827  INFO [main] LoginTest:41 - launching chrome broswer
2019-09-25 14:23:45,000  INFO [main] LoginTest:48 - entering application URL
2019-09-25 14:23:45,001  WARN [main] LoginTest:49 - Hey this just a warning message
2019-09-25 14:23:45,003 FATAL [main] LoginTest:50 - hey this is just fatal error message
2019-09-25 14:23:45,004 DEBUG [main] LoginTest:51 - this is debug message
2019-09-25 14:23:45,010  INFO [main] LoginTest:71 - ****************************** starting test case *****************************************
2019-09-25 14:23:45,011  INFO [main] LoginTest:72 - ****************************** freemCRMLogoTest *****************************************
2019-09-25 14:23:45,720  INFO [main] LoginTest:78 - ****************************** ending test case *****************************************
2019-09-25 14:23:45,721  INFO [main] LoginTest:79 - ****************************** freemCRMLogoTest *****************************************
2019-09-25 14:23:47,300  INFO [main] LoginTest:88 - ****************************** Browser is closed *****************************************
2019-09-25 14:23:49,768 DEBUG [main] cache:45 - Couldn't find template in cache for "Extent.ftl"("en_US", UTF-8, parsed); will try to load it.
2019-09-25 14:23:49,773 DEBUG [main] cache:45 - TemplateLoader.findTemplateSource("Extent_en_US.ftl"): Not found
2019-09-25 14:23:49,779 DEBUG [main] cache:45 - TemplateLoader.findTemplateSource("Extent_en.ftl"): Not found
2019-09-25 14:23:49,782 DEBUG [main] cache:45 - TemplateLoader.findTemplateSource("Extent.ftl"): Found
2019-09-25 14:23:49,783 DEBUG [main] cache:45 - Loading template for "Extent.ftl"("en_US", UTF-8, parsed) from "jar:file:/C:/Users/Ali-c/.m2/repository/com/relevantcodes/extentreports/2.41.2/extentreports-2.41.2.jar!/com/relevantcodes/extentreports/view/Extent.ftl"
2019-09-25 14:23:52,401 DEBUG [main] cache:45 - Couldn't find template in cache for "Extent.ftl"("en_US", UTF-8, parsed); will try to load it.
2019-09-25 14:23:52,410 DEBUG [main] cache:45 - TemplateLoader.findTemplateSource("Extent_en_US.ftl"): Not found
2019-09-25 14:23:52,412 DEBUG [main] cache:45 - TemplateLoader.findTemplateSource("Extent_en.ftl"): Not found
2019-09-25 14:23:52,417 DEBUG [main] cache:45 - TemplateLoader.findTemplateSource("Extent.ftl"): Found
2019-09-25 14:23:52,418 DEBUG [main] cache:45 - Loading template for "Extent.ftl"("en_US", UTF-8, parsed) from "jar:file:/C:/Users/Ali-c/.m2/repository/com/relevantcodes/extentreports/2.41.2/extentreports-2.41.2.jar!/com/relevantcodes/extentreports/view/Extent.ftl"
2019-09-26 11:17:48,541  INFO [main] LoginTest:37 - ****************************** Starting test cases execution  *****************************************
2019-09-26 11:18:05,290  INFO [main] LoginTest:41 - launching chrome broswer
2019-09-26 11:18:18,356  INFO [main] LoginTest:48 - entering application URL
2019-09-26 11:18:18,357  WARN [main] LoginTest:49 - Hey this just a warning message
2019-09-26 11:18:18,358 FATAL [main] LoginTest:50 - hey this is just fatal error message
2019-09-26 11:18:18,359 DEBUG [main] LoginTest:51 - this is debug message
2019-09-26 11:18:18,404  INFO [main] LoginTest:57 - ****************************** starting test case *****************************************
2019-09-26 11:18:18,406  INFO [main] LoginTest:58 - ****************************** freeCrmTitleTest *****************************************
2019-09-26 11:18:18,461  INFO [main] LoginTest:61 - login page title is--->Free CRM #1 cloud software for any business large or small
2019-09-26 11:18:18,474  INFO [main] LoginTest:64 - ****************************** ending test case *****************************************
2019-09-26 11:18:18,475  INFO [main] LoginTest:65 - ****************************** freeCrmTitleTest *****************************************
2019-09-26 11:18:20,319  INFO [main] LoginTest:88 - ****************************** Browser is closed *****************************************
2019-09-26 11:18:20,328  INFO [main] LoginTest:37 - ****************************** Starting test cases execution  *****************************************
2019-09-26 11:18:29,132  INFO [main] LoginTest:41 - launching chrome broswer
2019-09-26 11:18:39,574  INFO [main] LoginTest:48 - entering application URL
2019-09-26 11:18:39,575  WARN [main] LoginTest:49 - Hey this just a warning message
2019-09-26 11:18:39,579 FATAL [main] LoginTest:50 - hey this is just fatal error message
2019-09-26 11:18:39,580 DEBUG [main] LoginTest:51 - this is debug message
2019-09-26 11:18:39,599  INFO [main] LoginTest:71 - ****************************** starting test case *****************************************
2019-09-26 11:18:39,601  INFO [main] LoginTest:72 - ****************************** freemCRMLogoTest *****************************************
2019-09-26 11:18:40,906  INFO [main] LoginTest:78 - ****************************** ending test case *****************************************
2019-09-26 11:18:40,907  INFO [main] LoginTest:79 - ****************************** freemCRMLogoTest *****************************************
2019-09-26 11:18:42,059  INFO [main] LoginTest:88 - ****************************** Browser is closed *****************************************
2019-09-26 12:20:45,229  INFO [main] LoginTest:37 - ****************************** Starting test cases execution  *****************************************
2019-09-26 12:21:05,600  INFO [main] LoginTest:41 - launching chrome broswer
2019-09-26 12:21:17,826  INFO [main] LoginTest:48 - entering application URL
2019-09-26 12:21:17,827  WARN [main] LoginTest:49 - Hey this just a warning message
2019-09-26 12:21:17,828 FATAL [main] LoginTest:50 - hey this is just fatal error message
2019-09-26 12:21:17,829 DEBUG [main] LoginTest:51 - this is debug message
2019-09-26 12:21:17,838  INFO [main] LoginTest:57 - ****************************** starting test case *****************************************
2019-09-26 12:21:17,839  INFO [main] LoginTest:58 - ****************************** freeCrmTitleTest *****************************************
2019-09-26 12:21:17,876  INFO [main] LoginTest:61 - login page title is--->Free CRM #1 cloud software for any business large or small
2019-09-26 12:21:17,885  INFO [main] LoginTest:64 - ****************************** ending test case *****************************************
2019-09-26 12:21:17,886  INFO [main] LoginTest:65 - ****************************** freeCrmTitleTest *****************************************
2019-09-26 12:21:19,657  INFO [main] LoginTest:88 - ****************************** Browser is closed *****************************************
2019-09-26 12:21:19,680  INFO [main] LoginTest:37 - ****************************** Starting test cases execution  *****************************************
2019-09-26 12:21:28,034  INFO [main] LoginTest:41 - launching chrome broswer
2019-09-26 12:21:37,004  INFO [main] LoginTest:48 - entering application URL
2019-09-26 12:21:37,005  WARN [main] LoginTest:49 - Hey this just a warning message
2019-09-26 12:21:37,007 FATAL [main] LoginTest:50 - hey this is just fatal error message
2019-09-26 12:21:37,009 DEBUG [main] LoginTest:51 - this is debug message
2019-09-26 12:21:37,009  INFO [main] LoginTest:71 - ****************************** starting test case *****************************************
2019-09-26 12:21:37,010  INFO [main] LoginTest:72 - ****************************** freemCRMLogoTest *****************************************
2019-09-26 12:21:38,052  INFO [main] LoginTest:78 - ****************************** ending test case *****************************************
2019-09-26 12:21:38,053  INFO [main] LoginTest:79 - ****************************** freemCRMLogoTest *****************************************
2019-09-26 12:21:38,923  INFO [main] LoginTest:88 - ****************************** Browser is closed *****************************************
2019-09-26 12:36:47,071  INFO [main] LoginTest:37 - ****************************** Starting test cases execution  *****************************************
2019-09-26 12:36:59,097  INFO [main] LoginTest:41 - launching chrome broswer
2019-09-26 12:37:10,282  INFO [main] LoginTest:48 - entering application URL
2019-09-26 12:37:10,283  WARN [main] LoginTest:49 - Hey this just a warning message
2019-09-26 12:37:10,284 FATAL [main] LoginTest:50 - hey this is just fatal error message
2019-09-26 12:37:10,285 DEBUG [main] LoginTest:51 - this is debug message
2019-09-26 12:37:10,326  INFO [main] LoginTest:57 - ****************************** starting test case *****************************************
2019-09-26 12:37:10,327  INFO [main] LoginTest:58 - ****************************** freeCrmTitleTest *****************************************
2019-09-26 12:37:10,368  INFO [main] LoginTest:61 - login page title is--->Free CRM #1 cloud software for any business large or small
2019-09-26 12:37:10,378  INFO [main] LoginTest:64 - ****************************** ending test case *****************************************
2019-09-26 12:37:10,379  INFO [main] LoginTest:65 - ****************************** freeCrmTitleTest *****************************************
2019-09-26 12:37:11,852  INFO [main] LoginTest:88 - ****************************** Browser is closed *****************************************
2019-09-26 12:37:11,861  INFO [main] LoginTest:37 - ****************************** Starting test cases execution  *****************************************
2019-09-26 12:37:18,804  INFO [main] LoginTest:41 - launching chrome broswer
2019-09-26 12:37:27,283  INFO [main] LoginTest:48 - entering application URL
2019-09-26 12:37:27,284  WARN [main] LoginTest:49 - Hey this just a warning message
2019-09-26 12:37:27,287 FATAL [main] LoginTest:50 - hey this is just fatal error message
2019-09-26 12:37:27,288 DEBUG [main] LoginTest:51 - this is debug message
2019-09-26 12:37:27,292  INFO [main] LoginTest:71 - ****************************** starting test case *****************************************
2019-09-26 12:37:27,292  INFO [main] LoginTest:72 - ****************************** freemCRMLogoTest *****************************************
2019-09-26 12:37:28,475  INFO [main] LoginTest:88 - ****************************** Browser is closed *****************************************
2019-09-26 12:39:36,680  INFO [main] LoginTest:37 - ****************************** Starting test cases execution  *****************************************
2019-09-26 12:39:48,476  INFO [main] LoginTest:41 - launching chrome broswer
2019-09-26 12:39:57,333  INFO [main] LoginTest:48 - entering application URL
2019-09-26 12:39:57,333  WARN [main] LoginTest:49 - Hey this just a warning message
2019-09-26 12:39:57,334 FATAL [main] LoginTest:50 - hey this is just fatal error message
2019-09-26 12:39:57,335 DEBUG [main] LoginTest:51 - this is debug message
2019-09-26 12:39:57,341  INFO [main] LoginTest:57 - ****************************** starting test case *****************************************
2019-09-26 12:39:57,342  INFO [main] LoginTest:58 - ****************************** freeCrmTitleTest *****************************************
2019-09-26 12:39:57,368  INFO [main] LoginTest:61 - login page title is--->Free CRM #1 cloud software for any business large or small
2019-09-26 12:39:57,373  INFO [main] LoginTest:64 - ****************************** ending test case *****************************************
2019-09-26 12:39:57,373  INFO [main] LoginTest:65 - ****************************** freeCrmTitleTest *****************************************
2019-09-26 12:39:58,750  INFO [main] LoginTest:88 - ****************************** Browser is closed *****************************************
2019-09-26 12:39:58,764  INFO [main] LoginTest:37 - ****************************** Starting test cases execution  *****************************************
2019-09-26 12:40:06,530  INFO [main] LoginTest:41 - launching chrome broswer
2019-09-26 12:40:15,140  INFO [main] LoginTest:48 - entering application URL
2019-09-26 12:40:15,140  WARN [main] LoginTest:49 - Hey this just a warning message
2019-09-26 12:40:15,143 FATAL [main] LoginTest:50 - hey this is just fatal error message
2019-09-26 12:40:15,144 DEBUG [main] LoginTest:51 - this is debug message
2019-09-26 12:40:15,145  INFO [main] LoginTest:71 - ****************************** starting test case *****************************************
2019-09-26 12:40:15,145  INFO [main] LoginTest:72 - ****************************** freemCRMLogoTest *****************************************
2019-09-26 12:40:16,641  INFO [main] LoginTest:88 - ****************************** Browser is closed *****************************************
2019-09-26 12:42:15,608  INFO [main] LoginTest:37 - ****************************** Starting test cases execution  *****************************************
2019-09-26 12:42:25,735  INFO [main] LoginTest:41 - launching chrome broswer
2019-09-26 12:42:34,572  INFO [main] LoginTest:48 - entering application URL
2019-09-26 12:42:34,573  WARN [main] LoginTest:49 - Hey this just a warning message
2019-09-26 12:42:34,574 FATAL [main] LoginTest:50 - hey this is just fatal error message
2019-09-26 12:42:34,575 DEBUG [main] LoginTest:51 - this is debug message
2019-09-26 12:42:34,581  INFO [main] LoginTest:57 - ****************************** starting test case *****************************************
2019-09-26 12:42:34,581  INFO [main] LoginTest:58 - ****************************** freeCrmTitleTest *****************************************
2019-09-26 12:42:34,612  INFO [main] LoginTest:61 - login page title is--->Free CRM #1 cloud software for any business large or small
2019-09-26 12:42:34,617  INFO [main] LoginTest:64 - ****************************** ending test case *****************************************
2019-09-26 12:42:34,618  INFO [main] LoginTest:65 - ****************************** freeCrmTitleTest *****************************************
2019-09-26 12:42:35,969  INFO [main] LoginTest:88 - ****************************** Browser is closed *****************************************
2019-09-26 12:42:35,986  INFO [main] LoginTest:37 - ****************************** Starting test cases execution  *****************************************
2019-09-26 12:42:43,161  INFO [main] LoginTest:41 - launching chrome broswer
2019-09-26 12:42:52,300  INFO [main] LoginTest:48 - entering application URL
2019-09-26 12:42:52,301  WARN [main] LoginTest:49 - Hey this just a warning message
2019-09-26 12:42:52,303 FATAL [main] LoginTest:50 - hey this is just fatal error message
2019-09-26 12:42:52,304 DEBUG [main] LoginTest:51 - this is debug message
2019-09-26 12:42:52,305  INFO [main] LoginTest:71 - ****************************** starting test case *****************************************
2019-09-26 12:42:52,305  INFO [main] LoginTest:72 - ****************************** freemCRMLogoTest *****************************************
2019-09-26 12:42:53,458  INFO [main] LoginTest:88 - ****************************** Browser is closed *****************************************
2019-09-26 12:44:40,330  INFO [main] LoginTest:37 - ****************************** Starting test cases execution  *****************************************
2019-09-26 12:44:49,973  INFO [main] LoginTest:41 - launching chrome broswer
2019-09-26 12:44:58,237  INFO [main] LoginTest:48 - entering application URL
2019-09-26 12:44:58,237  WARN [main] LoginTest:49 - Hey this just a warning message
2019-09-26 12:44:58,238 FATAL [main] LoginTest:50 - hey this is just fatal error message
2019-09-26 12:44:58,238 DEBUG [main] LoginTest:51 - this is debug message
2019-09-26 12:44:58,242  INFO [main] LoginTest:57 - ****************************** starting test case *****************************************
2019-09-26 12:44:58,243  INFO [main] LoginTest:58 - ****************************** freeCrmTitleTest *****************************************
2019-09-26 12:44:58,273  INFO [main] LoginTest:61 - login page title is--->Free CRM #1 cloud software for any business large or small
2019-09-26 12:44:58,277  INFO [main] LoginTest:64 - ****************************** ending test case *****************************************
2019-09-26 12:44:58,278  INFO [main] LoginTest:65 - ****************************** freeCrmTitleTest *****************************************
2019-09-26 12:44:59,762  INFO [main] LoginTest:88 - ****************************** Browser is closed *****************************************
2019-09-26 12:44:59,777  INFO [main] LoginTest:37 - ****************************** Starting test cases execution  *****************************************
2019-09-26 12:45:07,868  INFO [main] LoginTest:41 - launching chrome broswer
2019-09-26 12:45:16,951  INFO [main] LoginTest:48 - entering application URL
2019-09-26 12:45:16,951  WARN [main] LoginTest:49 - Hey this just a warning message
2019-09-26 12:45:16,954 FATAL [main] LoginTest:50 - hey this is just fatal error message
2019-09-26 12:45:16,954 DEBUG [main] LoginTest:51 - this is debug message
2019-09-26 12:45:16,955  INFO [main] LoginTest:71 - ****************************** starting test case *****************************************
2019-09-26 12:45:16,956  INFO [main] LoginTest:72 - ****************************** freemCRMLogoTest *****************************************
2019-09-26 12:45:17,806  INFO [main] LoginTest:78 - ****************************** ending test case *****************************************
2019-09-26 12:45:17,806  INFO [main] LoginTest:79 - ****************************** freemCRMLogoTest *****************************************
2019-09-26 12:45:18,633  INFO [main] LoginTest:88 - ****************************** Browser is closed *****************************************
2019-09-26 13:01:59,443  INFO [main] LoginTest:37 - ****************************** Starting test cases execution  *****************************************
2019-09-26 13:02:11,052  INFO [main] LoginTest:41 - launching chrome broswer
2019-09-26 13:02:23,759  INFO [main] LoginTest:48 - entering application URL
2019-09-26 13:02:23,759  WARN [main] LoginTest:49 - Hey this just a warning message
2019-09-26 13:02:23,760 FATAL [main] LoginTest:50 - hey this is just fatal error message
2019-09-26 13:02:23,761 DEBUG [main] LoginTest:51 - this is debug message
2019-09-26 13:02:23,767  INFO [main] LoginTest:57 - ****************************** starting test case *****************************************
2019-09-26 13:02:23,768  INFO [main] LoginTest:58 - ****************************** freeCrmTitleTest *****************************************
2019-09-26 13:02:23,789  INFO [main] LoginTest:61 - login page title is--->Free CRM #1 cloud software for any business large or small
2019-09-26 13:02:23,797  INFO [main] LoginTest:64 - ****************************** ending test case *****************************************
2019-09-26 13:02:23,798  INFO [main] LoginTest:65 - ****************************** freeCrmTitleTest *****************************************
2019-09-26 13:02:25,270  INFO [main] LoginTest:88 - ****************************** Browser is closed *****************************************
2019-09-26 13:02:25,275  INFO [main] LoginTest:37 - ****************************** Starting test cases execution  *****************************************
2019-09-26 13:02:32,642  INFO [main] LoginTest:41 - launching chrome broswer
2019-09-26 13:02:42,975  INFO [main] LoginTest:48 - entering application URL
2019-09-26 13:02:42,975  WARN [main] LoginTest:49 - Hey this just a warning message
2019-09-26 13:02:42,977 FATAL [main] LoginTest:50 - hey this is just fatal error message
2019-09-26 13:02:42,977 DEBUG [main] LoginTest:51 - this is debug message
2019-09-26 13:02:42,978  INFO [main] LoginTest:71 - ****************************** starting test case *****************************************
2019-09-26 13:02:42,979  INFO [main] LoginTest:72 - ****************************** freemCRMLogoTest *****************************************
2019-09-26 13:02:43,927  INFO [main] LoginTest:78 - ****************************** ending test case *****************************************
2019-09-26 13:02:43,928  INFO [main] LoginTest:79 - ****************************** freemCRMLogoTest *****************************************
2019-09-26 13:02:44,706  INFO [main] LoginTest:88 - ****************************** Browser is closed *****************************************
2019-09-26 13:43:24,577  INFO [main] LoginTest:37 - ****************************** Starting test cases execution  *****************************************
2019-09-26 13:43:38,635  INFO [main] LoginTest:41 - launching chrome broswer
2019-09-26 13:43:49,981  INFO [main] LoginTest:48 - entering application URL
2019-09-26 13:43:49,983  WARN [main] LoginTest:49 - Hey this just a warning message
2019-09-26 13:43:49,985 FATAL [main] LoginTest:50 - hey this is just fatal error message
2019-09-26 13:43:49,986 DEBUG [main] LoginTest:51 - this is debug message
2019-09-26 13:43:49,995  INFO [main] LoginTest:57 - ****************************** starting test case *****************************************
2019-09-26 13:43:49,996  INFO [main] LoginTest:58 - ****************************** freeCrmTitleTest *****************************************
2019-09-26 13:43:50,021  INFO [main] LoginTest:61 - login page title is--->Free CRM #1 cloud software for any business large or small
2019-09-26 13:43:50,032  INFO [main] LoginTest:64 - ****************************** ending test case *****************************************
2019-09-26 13:43:50,035  INFO [main] LoginTest:65 - ****************************** freeCrmTitleTest *****************************************
2019-09-26 13:43:51,207  INFO [main] LoginTest:88 - ****************************** Browser is closed *****************************************
2019-09-26 13:43:51,217  INFO [main] LoginTest:37 - ****************************** Starting test cases execution  *****************************************
2019-09-26 13:43:58,004  INFO [main] LoginTest:41 - launching chrome broswer
2019-09-26 13:44:08,763  INFO [main] LoginTest:48 - entering application URL
2019-09-26 13:44:08,764  WARN [main] LoginTest:49 - Hey this just a warning message
2019-09-26 13:44:08,770 FATAL [main] LoginTest:50 - hey this is just fatal error message
2019-09-26 13:44:08,771 DEBUG [main] LoginTest:51 - this is debug message
2019-09-26 13:44:08,773  INFO [main] LoginTest:71 - ****************************** starting test case *****************************************
2019-09-26 13:44:08,774  INFO [main] LoginTest:72 - ****************************** freemCRMLogoTest *****************************************
2019-09-26 13:44:11,097  INFO [main] LoginTest:88 - ****************************** Browser is closed *****************************************
